<?xml version="1.0" encoding="UTF-8"?>
<!-- Generated by org.testng.reporters.JUnitReportReporter -->
<testsuite skipped="0" hostname="logesh" name="project.Demo" tests="10" failures="0" timestamp="2021-10-01T14:39:23 IST" time="190.275" errors="0">
  <testcase name="tc_65" time="19.949" classname="project.Demo"/>
  <system-out/>
  <testcase name="tc_66" time="20.171" classname="project.Demo"/>
  <system-out/>
  <testcase name="tc_57" time="22.658" classname="project.Demo"/>
  <system-out/>
  <testcase name="tc_62" time="19.136" classname="project.Demo"/>
  <system-out/>
  <testcase name="tc_63" time="19.599" classname="project.Demo"/>
  <system-out/>
  <testcase name="tc_58" time="11.382" classname="project.Demo"/>
  <system-out/>
  <testcase name="tc_61" time="19.128" classname="project.Demo"/>
  <system-out/>
  <testcase name="tc_59" time="19.895" classname="project.Demo"/>
  <system-out/>
  <testcase name="tc_64" time="19.205" classname="project.Demo"/>
  <system-out/>
  <testcase name="tc_60" time="19.152" classname="project.Demo"/>
  <system-out/>
</testsuite> <!-- project.Demo -->
