<?xml version="1.0" encoding="UTF-8"?>
<!-- Generated by org.testng.reporters.JUnitReportReporter -->
<testsuite skipped="9" hostname="logesh" name="project.LoginPage" tests="10" failures="0" timestamp="2021-09-30T14:54:21 IST" time="3.998" errors="0">
  <testcase name="tc_01" time="3.998" classname="project.LoginPage"/>
  <system-out/>
  <testcase name="tc_03" classname="project.LoginPage">
    <skipped/>
  </testcase> <!-- tc_03 -->
  <system-out/>
  <testcase name="TC_05" classname="project.LoginPage">
    <skipped/>
  </testcase> <!-- TC_05 -->
  <system-out/>
  <testcase name="tc_08" classname="project.LoginPage">
    <skipped/>
  </testcase> <!-- tc_08 -->
  <system-out/>
  <testcase name="TC_08" classname="project.LoginPage">
    <skipped/>
  </testcase> <!-- TC_08 -->
  <system-out/>
  <testcase name="tc_06" classname="project.LoginPage">
    <skipped/>
  </testcase> <!-- tc_06 -->
  <system-out/>
  <testcase name="TC_09" classname="project.LoginPage">
    <skipped/>
  </testcase> <!-- TC_09 -->
  <system-out/>
  <testcase name="tc_04" classname="project.LoginPage">
    <skipped/>
  </testcase> <!-- tc_04 -->
  <system-out/>
  <testcase name="tc_02" classname="project.LoginPage">
    <skipped/>
  </testcase> <!-- tc_02 -->
  <system-out/>
  <testcase name="tc_07" classname="project.LoginPage">
    <skipped/>
  </testcase> <!-- tc_07 -->
  <system-out/>
</testsuite> <!-- project.LoginPage -->
