<?xml version="1.0" encoding="UTF-8"?>
<!-- Generated by org.testng.reporters.JUnitReportReporter -->
<testsuite skipped="0" hostname="logesh" name="project.RoundTripFlightBooking" tests="4" failures="0" timestamp="2021-10-02T20:00:42 IST" time="74.277" errors="0">
  <testcase name="tc_31" time="29.854" classname="project.RoundTripFlightBooking"/>
  <system-out/>
  <testcase name="tc_33" time="14.673" classname="project.RoundTripFlightBooking"/>
  <system-out/>
  <testcase name="tc_34" time="14.727" classname="project.RoundTripFlightBooking"/>
  <system-out/>
  <testcase name="tc_35" time="15.023" classname="project.RoundTripFlightBooking"/>
  <system-out/>
</testsuite> <!-- project.RoundTripFlightBooking -->
