<?xml version="1.0" encoding="UTF-8"?>
<!-- Generated by org.testng.reporters.JUnitReportReporter -->
<testsuite skipped="6" hostname="logesh" name="project.FlightBooking" tests="7" failures="0" timestamp="2021-10-02T12:18:51 IST" time="11.646" errors="0">
  <testcase name="tc_29" time="11.646" classname="project.FlightBooking"/>
  <system-out/>
  <testcase name="tc_28" classname="project.FlightBooking">
    <skipped/>
  </testcase> <!-- tc_28 -->
  <system-out/>
  <testcase name="tc_33" classname="project.FlightBooking">
    <skipped/>
  </testcase> <!-- tc_33 -->
  <system-out/>
  <testcase name="tc_34" classname="project.FlightBooking">
    <skipped/>
  </testcase> <!-- tc_34 -->
  <system-out/>
  <testcase name="tc_30" classname="project.FlightBooking">
    <skipped/>
  </testcase> <!-- tc_30 -->
  <system-out/>
  <testcase name="tc_31" classname="project.FlightBooking">
    <skipped/>
  </testcase> <!-- tc_31 -->
  <system-out/>
  <testcase name="tc_26" classname="project.FlightBooking">
    <skipped/>
  </testcase> <!-- tc_26 -->
  <system-out/>
</testsuite> <!-- project.FlightBooking -->
