<?xml version="1.0" encoding="UTF-8"?>
<!-- Generated by org.testng.reporters.JUnitReportReporter -->
<testsuite skipped="0" hostname="logesh" name="project.Demo" tests="1" failures="0" timestamp="2021-09-30T23:27:22 IST" time="13.255" errors="0">
  <testcase name="onewaytrip" time="13.255" classname="project.Demo"/>
  <system-out/>
</testsuite> <!-- project.Demo -->
