<?xml version="1.0" encoding="UTF-8"?>
<!-- Generated by org.testng.reporters.JUnitReportReporter -->
<testsuite skipped="0" hostname="logesh" name="project.NewTest2" tests="13" failures="0" timestamp="2021-10-02T18:03:09 IST" time="251.963" errors="0">
  <testcase name="tc_44" time="20.790" classname="project.NewTest2"/>
  <system-out/>
  <testcase name="tc_45" time="17.645" classname="project.NewTest2"/>
  <system-out/>
  <testcase name="tc_46" time="17.552" classname="project.NewTest2"/>
  <system-out/>
  <testcase name="tc_47" time="19.657" classname="project.NewTest2"/>
  <system-out/>
  <testcase name="tc_48" time="19.439" classname="project.NewTest2"/>
  <system-out/>
  <testcase name="tc_49" time="19.437" classname="project.NewTest2"/>
  <system-out/>
  <testcase name="tc_50" time="19.541" classname="project.NewTest2"/>
  <system-out/>
  <testcase name="tc_51" time="19.529" classname="project.NewTest2"/>
  <system-out/>
  <testcase name="tc_52" time="19.541" classname="project.NewTest2"/>
  <system-out/>
  <testcase name="tc_53" time="19.524" classname="project.NewTest2"/>
  <system-out/>
  <testcase name="tc_54" time="19.422" classname="project.NewTest2"/>
  <system-out/>
  <testcase name="tc_55" time="21.483" classname="project.NewTest2"/>
  <system-out/>
  <testcase name="tc_56" time="18.403" classname="project.NewTest2"/>
  <system-out/>
</testsuite> <!-- project.NewTest2 -->
