<?xml version="1.0" encoding="UTF-8"?>
<!-- Generated by org.testng.reporters.JUnitReportReporter -->
<testsuite skipped="0" hostname="logesh" name="project.TravelersDetails" tests="11" failures="0" timestamp="2021-10-01T00:05:05 IST" time="130.523" errors="0">
  <testcase name="tc_49" time="11.576" classname="project.TravelersDetails"/>
  <system-out/>
  <testcase name="tc_53" time="11.787" classname="project.TravelersDetails"/>
  <system-out/>
  <testcase name="tc_46" time="11.429" classname="project.TravelersDetails"/>
  <system-out/>
  <testcase name="tc_54" time="11.303" classname="project.TravelersDetails"/>
  <system-out/>
  <testcase name="tc_51" time="11.435" classname="project.TravelersDetails"/>
  <system-out/>
  <testcase name="tc_44" time="15.398" classname="project.TravelersDetails"/>
  <system-out/>
  <testcase name="tc_47" time="11.453" classname="project.TravelersDetails"/>
  <system-out/>
  <testcase name="tc_52" time="11.641" classname="project.TravelersDetails"/>
  <system-out/>
  <testcase name="tc_48" time="11.518" classname="project.TravelersDetails"/>
  <system-out/>
  <testcase name="tc_45" time="11.408" classname="project.TravelersDetails"/>
  <system-out/>
  <testcase name="tc_50" time="11.575" classname="project.TravelersDetails"/>
  <system-out/>
</testsuite> <!-- project.TravelersDetails -->
