<?xml version="1.0" encoding="UTF-8"?>
<!-- Generated by org.testng.reporters.JUnitReportReporter -->
<testsuite skipped="11" hostname="logesh" name="project.LoginPage" tests="12" failures="0" timestamp="2021-10-01T15:56:09 IST" time="5.183" errors="0">
  <testcase name="tc_2" time="5.183" classname="project.LoginPage"/>
  <system-out/>
  <testcase name="tc_8" classname="project.LoginPage">
    <skipped/>
  </testcase> <!-- tc_8 -->
  <system-out/>
  <testcase name="tc_14" classname="project.LoginPage">
    <skipped/>
  </testcase> <!-- tc_14 -->
  <system-out/>
  <testcase name="tc_9" classname="project.LoginPage">
    <skipped/>
  </testcase> <!-- tc_9 -->
  <system-out/>
  <testcase name="tc_3" classname="project.LoginPage">
    <skipped/>
  </testcase> <!-- tc_3 -->
  <system-out/>
  <testcase name="tc_7" classname="project.LoginPage">
    <skipped/>
  </testcase> <!-- tc_7 -->
  <system-out/>
  <testcase name="tc_1" classname="project.LoginPage">
    <skipped/>
  </testcase> <!-- tc_1 -->
  <system-out/>
  <testcase name="tc_12" classname="project.LoginPage">
    <skipped/>
  </testcase> <!-- tc_12 -->
  <system-out/>
  <testcase name="tc_4" classname="project.LoginPage">
    <skipped/>
  </testcase> <!-- tc_4 -->
  <system-out/>
  <testcase name="tc_13" classname="project.LoginPage">
    <skipped/>
  </testcase> <!-- tc_13 -->
  <system-out/>
  <testcase name="tc_6" classname="project.LoginPage">
    <skipped/>
  </testcase> <!-- tc_6 -->
  <system-out/>
  <testcase name="tc_5" classname="project.LoginPage">
    <skipped/>
  </testcase> <!-- tc_5 -->
  <system-out/>
</testsuite> <!-- project.LoginPage -->
