<?xml version="1.0" encoding="UTF-8"?>
<!-- Generated by org.testng.reporters.JUnitReportReporter -->
<testsuite skipped="8" hostname="logesh" name="project.HotelBooking" tests="9" failures="0" timestamp="2021-10-01T00:25:38 IST" time="19.875" errors="0">
  <testcase name="tc_59" time="19.875" classname="project.HotelBooking"/>
  <system-out/>
  <testcase name="tc_60" classname="project.HotelBooking">
    <skipped/>
  </testcase> <!-- tc_60 -->
  <system-out/>
  <testcase name="tc_58" classname="project.HotelBooking">
    <skipped/>
  </testcase> <!-- tc_58 -->
  <system-out/>
  <testcase name="tc_66" classname="project.HotelBooking">
    <skipped/>
  </testcase> <!-- tc_66 -->
  <system-out/>
  <testcase name="tc_63" classname="project.HotelBooking">
    <skipped/>
  </testcase> <!-- tc_63 -->
  <system-out/>
  <testcase name="tc_57" classname="project.HotelBooking">
    <skipped/>
  </testcase> <!-- tc_57 -->
  <system-out/>
  <testcase name="tc_62" classname="project.HotelBooking">
    <skipped/>
  </testcase> <!-- tc_62 -->
  <system-out/>
  <testcase name="tc_64" classname="project.HotelBooking">
    <skipped/>
  </testcase> <!-- tc_64 -->
  <system-out/>
  <testcase name="tc_61" classname="project.HotelBooking">
    <skipped/>
  </testcase> <!-- tc_61 -->
  <system-out/>
</testsuite> <!-- project.HotelBooking -->
