<?xml version="1.0" encoding="UTF-8"?>
<!-- Generated by org.testng.reporters.JUnitReportReporter -->
<testsuite skipped="3" hostname="logesh" name="project.OneWayFlightBooking" tests="4" failures="0" timestamp="2021-10-04T14:46:14 IST" time="15.753" errors="0">
  <testcase name="tc_28" time="15.753" classname="project.OneWayFlightBooking"/>
  <system-out/>
  <testcase name="tc_29" classname="project.OneWayFlightBooking">
    <skipped/>
  </testcase> <!-- tc_29 -->
  <system-out/>
  <testcase name="tc_26" classname="project.OneWayFlightBooking">
    <skipped/>
  </testcase> <!-- tc_26 -->
  <system-out/>
  <testcase name="tc_30" classname="project.OneWayFlightBooking">
    <skipped/>
  </testcase> <!-- tc_30 -->
  <system-out/>
</testsuite> <!-- project.OneWayFlightBooking -->
