<?xml version="1.0" encoding="UTF-8"?>
<!-- Generated by org.testng.reporters.JUnitReportReporter -->
<testsuite skipped="12" hostname="logesh" name="project.TravellerDetails" tests="13" failures="0" timestamp="2021-10-04T14:27:02 IST" time="26.952" errors="0">
  <testcase name="tc_45" time="26.952" classname="project.TravellerDetails"/>
  <system-out/>
  <testcase name="tc_56" classname="project.TravellerDetails">
    <skipped/>
  </testcase> <!-- tc_56 -->
  <system-out/>
  <testcase name="tc_46" classname="project.TravellerDetails">
    <skipped/>
  </testcase> <!-- tc_46 -->
  <system-out/>
  <testcase name="tc_47" classname="project.TravellerDetails">
    <skipped/>
  </testcase> <!-- tc_47 -->
  <system-out/>
  <testcase name="tc_48" classname="project.TravellerDetails">
    <skipped/>
  </testcase> <!-- tc_48 -->
  <system-out/>
  <testcase name="tc_49" classname="project.TravellerDetails">
    <skipped/>
  </testcase> <!-- tc_49 -->
  <system-out/>
  <testcase name="tc_50" classname="project.TravellerDetails">
    <skipped/>
  </testcase> <!-- tc_50 -->
  <system-out/>
  <testcase name="tc_51" classname="project.TravellerDetails">
    <skipped/>
  </testcase> <!-- tc_51 -->
  <system-out/>
  <testcase name="tc_52" classname="project.TravellerDetails">
    <skipped/>
  </testcase> <!-- tc_52 -->
  <system-out/>
  <testcase name="tc_53" classname="project.TravellerDetails">
    <skipped/>
  </testcase> <!-- tc_53 -->
  <system-out/>
  <testcase name="tc_54" classname="project.TravellerDetails">
    <skipped/>
  </testcase> <!-- tc_54 -->
  <system-out/>
  <testcase name="tc_44" classname="project.TravellerDetails">
    <skipped/>
  </testcase> <!-- tc_44 -->
  <system-out/>
  <testcase name="tc_55" classname="project.TravellerDetails">
    <skipped/>
  </testcase> <!-- tc_55 -->
  <system-out/>
</testsuite> <!-- project.TravellerDetails -->
